2018-05-05 22:55:39 [INFO] - Starting Application on user-PC with PID 4768 (F:\IdeaProjects\mymovie\mymovie-rest\target\classes started by user in F:\IdeaProjects\mymovie)
2018-05-05 22:55:39 [INFO] - No active profile set, falling back to default profiles: default
2018-05-05 22:55:39 [INFO] - HV000001: Hibernate Validator 5.3.5.Final
2018-05-05 22:55:39 [INFO] - Refreshing org.springframework.boot.context.embedded.AnnotationConfigEmbeddedWebApplicationContext@1253e7cb: startup date [Sat May 05 22:55:39 CST 2018]; root of context hierarchy
2018-05-05 22:55:41 [INFO] - Tomcat initialized with port(s): 8081 (http)
2018-05-05 22:55:41 [INFO] - Starting service [Tomcat]
2018-05-05 22:55:41 [INFO] - Starting Servlet Engine: Apache Tomcat/8.5.16
2018-05-05 22:55:41 [INFO] - Initializing Spring embedded WebApplicationContext
2018-05-05 22:55:41 [INFO] - Root WebApplicationContext: initialization completed in 1920 ms
2018-05-05 22:55:41 [INFO] - Mapping servlet: 'dispatcherServlet' to [/]
2018-05-05 22:55:41 [INFO] - Mapping filter: 'characterEncodingFilter' to: [/*]
2018-05-05 22:55:41 [INFO] - Mapping filter: 'hiddenHttpMethodFilter' to: [/*]
2018-05-05 22:55:41 [INFO] - Mapping filter: 'httpPutFormContentFilter' to: [/*]
2018-05-05 22:55:41 [INFO] - Mapping filter: 'requestContextFilter' to: [/*]
2018-05-05 22:55:43 [INFO] - Looking for @ControllerAdvice: org.springframework.boot.context.embedded.AnnotationConfigEmbeddedWebApplicationContext@1253e7cb: startup date [Sat May 05 22:55:39 CST 2018]; root of context hierarchy
2018-05-05 22:55:43 [INFO] - Mapped "{[/user/getUser/{userId}]}" onto public com.chao.mymovie.rest.model.User com.chao.mymovie.rest.controller.UserController.getUser(java.lang.String)
2018-05-05 22:55:43 [INFO] - Mapped "{[/error]}" onto public org.springframework.http.ResponseEntity<java.util.Map<java.lang.String, java.lang.Object>> org.springframework.boot.autoconfigure.web.BasicErrorController.error(javax.servlet.http.HttpServletRequest)
2018-05-05 22:55:43 [INFO] - Mapped "{[/error],produces=[text/html]}" onto public org.springframework.web.servlet.ModelAndView org.springframework.boot.autoconfigure.web.BasicErrorController.errorHtml(javax.servlet.http.HttpServletRequest,javax.servlet.http.HttpServletResponse)
2018-05-05 22:55:43 [INFO] - Mapped URL path [/webjars/**] onto handler of type [class org.springframework.web.servlet.resource.ResourceHttpRequestHandler]
2018-05-05 22:55:43 [INFO] - Mapped URL path [/**] onto handler of type [class org.springframework.web.servlet.resource.ResourceHttpRequestHandler]
2018-05-05 22:55:43 [INFO] - Mapped URL path [/**/favicon.ico] onto handler of type [class org.springframework.web.servlet.resource.ResourceHttpRequestHandler]
2018-05-05 22:55:43 [WARN] - Cannot find template location: classpath:/templates/ (please add some templates or check your Thymeleaf configuration)
2018-05-05 22:55:44 [INFO] - Registering beans for JMX exposure on startup
2018-05-05 22:55:44 [INFO] - Bean with name 'dataSource' has been autodetected for JMX exposure
2018-05-05 22:55:44 [INFO] - Located MBean 'dataSource': registering with JMX server as MBean [com.alibaba.druid.pool:name=dataSource,type=DruidDataSource]
2018-05-05 22:55:44 [INFO] - Initializing ProtocolHandler ["http-nio-8081"]
2018-05-05 22:55:44 [INFO] - Starting ProtocolHandler ["http-nio-8081"]
2018-05-05 22:55:44 [INFO] - Using a shared selector for servlet write/read
2018-05-05 22:55:44 [INFO] - Tomcat started on port(s): 8081 (http)
2018-05-05 22:55:44 [INFO] - Started Application in 5.702 seconds (JVM running for 10.116)
2018-05-05 22:57:18 [INFO] - Initializing Spring FrameworkServlet 'dispatcherServlet'
2018-05-05 22:57:18 [INFO] - FrameworkServlet 'dispatcherServlet': initialization started
2018-05-05 22:57:18 [INFO] - FrameworkServlet 'dispatcherServlet': initialization completed in 21 ms
2018-05-05 22:58:09 [INFO] - {dataSource-1} inited
